Determining if the pthread_create exist failed with the following output:
Change Dir: /root/robothon-BU/ws_moveit/build/panda_moveit_config/CMakeFiles/CMakeTmp

Run Build Command:"/usr/bin/make" "cmTC_df292/fast"
/usr/bin/make -f CMakeFiles/cmTC_df292.dir/build.make CMakeFiles/cmTC_df292.dir/build
make[1]: Entering directory '/root/robothon-BU/ws_moveit/build/panda_moveit_config/CMakeFiles/CMakeTmp'
Building C object CMakeFiles/cmTC_df292.dir/CheckSymbolExists.c.o
/usr/bin/cc     -o CMakeFiles/cmTC_df292.dir/CheckSymbolExists.c.o   -c /root/robothon-BU/ws_moveit/build/panda_moveit_config/CMakeFiles/CMakeTmp/CheckSymbolExists.c
Linking C executable cmTC_df292
/usr/bin/cmake -E cmake_link_script CMakeFiles/cmTC_df292.dir/link.txt --verbose=1
/usr/bin/cc       CMakeFiles/cmTC_df292.dir/CheckSymbolExists.c.o  -o cmTC_df292 -rdynamic 
CMakeFiles/cmTC_df292.dir/CheckSymbolExists.c.o: In function `main':
CheckSymbolExists.c:(.text+0x16): undefined reference to `pthread_create'
collect2: error: ld returned 1 exit status
CMakeFiles/cmTC_df292.dir/build.make:97: recipe for target 'cmTC_df292' failed
make[1]: *** [cmTC_df292] Error 1
make[1]: Leaving directory '/root/robothon-BU/ws_moveit/build/panda_moveit_config/CMakeFiles/CMakeTmp'
Makefile:126: recipe for target 'cmTC_df292/fast' failed
make: *** [cmTC_df292/fast] Error 2

File /root/robothon-BU/ws_moveit/build/panda_moveit_config/CMakeFiles/CMakeTmp/CheckSymbolExists.c:
/* */
#include <pthread.h>

int main(int argc, char** argv)
{
  (void)argv;
#ifndef pthread_create
  return ((int*)(&pthread_create))[argc];
#else
  (void)argc;
  return 0;
#endif
}

Determining if the function pthread_create exists in the pthreads failed with the following output:
Change Dir: /root/robothon-BU/ws_moveit/build/panda_moveit_config/CMakeFiles/CMakeTmp

Run Build Command:"/usr/bin/make" "cmTC_82591/fast"
/usr/bin/make -f CMakeFiles/cmTC_82591.dir/build.make CMakeFiles/cmTC_82591.dir/build
make[1]: Entering directory '/root/robothon-BU/ws_moveit/build/panda_moveit_config/CMakeFiles/CMakeTmp'
Building C object CMakeFiles/cmTC_82591.dir/CheckFunctionExists.c.o
/usr/bin/cc    -DCHECK_FUNCTION_EXISTS=pthread_create   -o CMakeFiles/cmTC_82591.dir/CheckFunctionExists.c.o   -c /usr/share/cmake-3.5/Modules/CheckFunctionExists.c
Linking C executable cmTC_82591
/usr/bin/cmake -E cmake_link_script CMakeFiles/cmTC_82591.dir/link.txt --verbose=1
/usr/bin/cc   -DCHECK_FUNCTION_EXISTS=pthread_create    CMakeFiles/cmTC_82591.dir/CheckFunctionExists.c.o  -o cmTC_82591 -rdynamic -lpthreads 
/usr/bin/ld: cannot find -lpthreads
collect2: error: ld returned 1 exit status
CMakeFiles/cmTC_82591.dir/build.make:97: recipe for target 'cmTC_82591' failed
make[1]: *** [cmTC_82591] Error 1
make[1]: Leaving directory '/root/robothon-BU/ws_moveit/build/panda_moveit_config/CMakeFiles/CMakeTmp'
Makefile:126: recipe for target 'cmTC_82591/fast' failed
make: *** [cmTC_82591/fast] Error 2


